{"C:\\Users\\alexa\\Desktop\\codeAndcollection\\bytesNbitsGame\\randomLibrary.js": {"path":"C:\\Users\\alexa\\Desktop\\codeAndcollection\\bytesNbitsGame\\randomLibrary.js","statementMap":{"0":{"start":{"line":1,"column":16},"end":{"line":1,"column":34}},"1":{"start":{"line":4,"column":4},"end":{"line":4,"column":62}},"2":{"start":{"line":8,"column":20},"end":{"line":8,"column":57}},"3":{"start":{"line":9,"column":28},"end":{"line":9,"column":79}},"4":{"start":{"line":10,"column":4},"end":{"line":10,"column":27}},"5":{"start":{"line":14,"column":20},"end":{"line":14,"column":30}},"6":{"start":{"line":15,"column":22},"end":{"line":15,"column":73}},"7":{"start":{"line":16,"column":4},"end":{"line":16,"column":21}},"8":{"start":{"line":20,"column":24},"end":{"line":20,"column":65}},"9":{"start":{"line":21,"column":28},"end":{"line":21,"column":87}},"10":{"start":{"line":22,"column":4},"end":{"line":22,"column":27}},"11":{"start":{"line":26,"column":27},"end":{"line":26,"column":84}},"12":{"start":{"line":27,"column":34},"end":{"line":27,"column":99}},"13":{"start":{"line":28,"column":4},"end":{"line":28,"column":33}},"14":{"start":{"line":32,"column":4},"end":{"line":32,"column":22}},"15":{"start":{"line":36,"column":21},"end":{"line":38,"column":6}},"16":{"start":{"line":39,"column":4},"end":{"line":39,"column":26}},"17":{"start":{"line":42,"column":0},"end":{"line":50,"column":2}}},"fnMap":{"0":{"name":"generateRandomInt","decl":{"start":{"line":3,"column":9},"end":{"line":3,"column":26}},"loc":{"start":{"line":3,"column":29},"end":{"line":5,"column":1}},"line":3},"1":{"name":"generateRandomUnit","decl":{"start":{"line":7,"column":9},"end":{"line":7,"column":27}},"loc":{"start":{"line":7,"column":30},"end":{"line":11,"column":1}},"line":7},"2":{"name":"sizeGenerator","decl":{"start":{"line":13,"column":9},"end":{"line":13,"column":22}},"loc":{"start":{"line":13,"column":25},"end":{"line":17,"column":1}},"line":13},"3":{"name":"positiveGenerator","decl":{"start":{"line":19,"column":9},"end":{"line":19,"column":26}},"loc":{"start":{"line":19,"column":29},"end":{"line":23,"column":1}},"line":19},"4":{"name":"improvementGenerator","decl":{"start":{"line":25,"column":9},"end":{"line":25,"column":29}},"loc":{"start":{"line":25,"column":32},"end":{"line":29,"column":1}},"line":25},"5":{"name":"startTimer","decl":{"start":{"line":31,"column":9},"end":{"line":31,"column":19}},"loc":{"start":{"line":31,"column":22},"end":{"line":33,"column":1}},"line":31},"6":{"name":"getUserInput","decl":{"start":{"line":35,"column":15},"end":{"line":35,"column":27}},"loc":{"start":{"line":35,"column":30},"end":{"line":40,"column":1}},"line":35}},"branchMap":{},"s":{"0":1,"1":4,"2":6,"3":6,"4":6,"5":2,"6":2,"7":2,"8":3,"9":3,"10":3,"11":3,"12":3,"13":3,"14":1,"15":0,"16":0,"17":1},"f":{"0":4,"1":6,"2":2,"3":3,"4":3,"5":1,"6":0},"b":{},"_coverageSchema":"1a1c01bbd47fc00a2c39e90264f33305004495a9","hash":"ac897f52ed5a52de2b36d18e17b51349a0a8e5e0"}
}
