{"C:\\Users\\alexa\\Desktop\\codeAndcollection\\bytesNbitsGame\\bytesNbits.js": {"path":"C:\\Users\\alexa\\Desktop\\codeAndcollection\\bytesNbitsGame\\bytesNbits.js","statementMap":{"0":{"start":{"line":1,"column":132},"end":{"line":1,"column":161}},"1":{"start":{"line":6,"column":20},"end":{"line":6,"column":21}},"2":{"start":{"line":9,"column":20},"end":{"line":9,"column":29}},"3":{"start":{"line":11,"column":4},"end":{"line":66,"column":5}},"4":{"start":{"line":12,"column":8},"end":{"line":12,"column":24}},"5":{"start":{"line":13,"column":8},"end":{"line":13,"column":34}},"6":{"start":{"line":14,"column":8},"end":{"line":14,"column":50}},"7":{"start":{"line":15,"column":8},"end":{"line":15,"column":30}},"8":{"start":{"line":17,"column":11},"end":{"line":66,"column":5}},"9":{"start":{"line":18,"column":8},"end":{"line":18,"column":25}},"10":{"start":{"line":19,"column":8},"end":{"line":19,"column":37}},"11":{"start":{"line":20,"column":8},"end":{"line":20,"column":49}},"12":{"start":{"line":21,"column":8},"end":{"line":21,"column":30}},"13":{"start":{"line":23,"column":11},"end":{"line":66,"column":5}},"14":{"start":{"line":24,"column":8},"end":{"line":32,"column":9}},"15":{"start":{"line":25,"column":12},"end":{"line":25,"column":38}},"16":{"start":{"line":26,"column":12},"end":{"line":26,"column":54}},"17":{"start":{"line":27,"column":12},"end":{"line":27,"column":34}},"18":{"start":{"line":29,"column":12},"end":{"line":29,"column":41}},"19":{"start":{"line":30,"column":12},"end":{"line":30,"column":52}},"20":{"start":{"line":31,"column":12},"end":{"line":31,"column":34}},"21":{"start":{"line":34,"column":11},"end":{"line":66,"column":5}},"22":{"start":{"line":35,"column":8},"end":{"line":43,"column":9}},"23":{"start":{"line":36,"column":12},"end":{"line":36,"column":41}},"24":{"start":{"line":37,"column":12},"end":{"line":37,"column":52}},"25":{"start":{"line":38,"column":12},"end":{"line":38,"column":34}},"26":{"start":{"line":40,"column":12},"end":{"line":40,"column":41}},"27":{"start":{"line":41,"column":12},"end":{"line":41,"column":53}},"28":{"start":{"line":42,"column":12},"end":{"line":42,"column":34}},"29":{"start":{"line":45,"column":11},"end":{"line":66,"column":5}},"30":{"start":{"line":46,"column":8},"end":{"line":54,"column":9}},"31":{"start":{"line":47,"column":12},"end":{"line":47,"column":41}},"32":{"start":{"line":48,"column":12},"end":{"line":48,"column":53}},"33":{"start":{"line":49,"column":12},"end":{"line":49,"column":34}},"34":{"start":{"line":51,"column":12},"end":{"line":51,"column":41}},"35":{"start":{"line":52,"column":12},"end":{"line":52,"column":53}},"36":{"start":{"line":53,"column":12},"end":{"line":53,"column":34}},"37":{"start":{"line":57,"column":8},"end":{"line":65,"column":9}},"38":{"start":{"line":58,"column":12},"end":{"line":58,"column":41}},"39":{"start":{"line":59,"column":12},"end":{"line":59,"column":53}},"40":{"start":{"line":60,"column":12},"end":{"line":60,"column":34}},"41":{"start":{"line":62,"column":12},"end":{"line":62,"column":41}},"42":{"start":{"line":63,"column":12},"end":{"line":63,"column":53}},"43":{"start":{"line":64,"column":12},"end":{"line":64,"column":34}},"44":{"start":{"line":72,"column":4},"end":{"line":72,"column":84}},"45":{"start":{"line":73,"column":4},"end":{"line":73,"column":18}},"46":{"start":{"line":74,"column":4},"end":{"line":74,"column":84}},"47":{"start":{"line":75,"column":4},"end":{"line":75,"column":18}},"48":{"start":{"line":76,"column":4},"end":{"line":76,"column":84}},"49":{"start":{"line":79,"column":18},"end":{"line":79,"column":30}},"50":{"start":{"line":82,"column":17},"end":{"line":82,"column":18}},"51":{"start":{"line":84,"column":4},"end":{"line":111,"column":5}},"52":{"start":{"line":84,"column":17},"end":{"line":84,"column":18}},"53":{"start":{"line":86,"column":8},"end":{"line":86,"column":22}},"54":{"start":{"line":87,"column":8},"end":{"line":87,"column":22}},"55":{"start":{"line":88,"column":8},"end":{"line":88,"column":37}},"56":{"start":{"line":89,"column":8},"end":{"line":89,"column":22}},"57":{"start":{"line":90,"column":26},"end":{"line":90,"column":45}},"58":{"start":{"line":91,"column":27},"end":{"line":91,"column":47}},"59":{"start":{"line":92,"column":26},"end":{"line":92,"column":41}},"60":{"start":{"line":93,"column":35},"end":{"line":93,"column":83}},"61":{"start":{"line":94,"column":35},"end":{"line":94,"column":61}},"62":{"start":{"line":95,"column":26},"end":{"line":95,"column":56}},"63":{"start":{"line":96,"column":8},"end":{"line":96,"column":22}},"64":{"start":{"line":97,"column":8},"end":{"line":97,"column":31}},"65":{"start":{"line":99,"column":33},"end":{"line":99,"column":53}},"66":{"start":{"line":100,"column":34},"end":{"line":100,"column":58}},"67":{"start":{"line":101,"column":25},"end":{"line":101,"column":54}},"68":{"start":{"line":103,"column":8},"end":{"line":110,"column":9}},"69":{"start":{"line":105,"column":12},"end":{"line":105,"column":52}},"70":{"start":{"line":106,"column":12},"end":{"line":106,"column":66}},"71":{"start":{"line":107,"column":12},"end":{"line":107,"column":21}},"72":{"start":{"line":108,"column":12},"end":{"line":108,"column":51}},"73":{"start":{"line":109,"column":12},"end":{"line":109,"column":65}},"74":{"start":{"line":113,"column":4},"end":{"line":113,"column":18}},"75":{"start":{"line":114,"column":4},"end":{"line":114,"column":84}},"76":{"start":{"line":115,"column":4},"end":{"line":115,"column":84}},"77":{"start":{"line":116,"column":4},"end":{"line":116,"column":18}},"78":{"start":{"line":119,"column":22},"end":{"line":119,"column":62}},"79":{"start":{"line":121,"column":4},"end":{"line":121,"column":59}},"80":{"start":{"line":122,"column":4},"end":{"line":122,"column":18}},"81":{"start":{"line":123,"column":4},"end":{"line":123,"column":83}},"82":{"start":{"line":124,"column":4},"end":{"line":124,"column":18}},"83":{"start":{"line":125,"column":4},"end":{"line":125,"column":84}},"84":{"start":{"line":126,"column":4},"end":{"line":126,"column":29}},"85":{"start":{"line":132,"column":23},"end":{"line":132,"column":54}},"86":{"start":{"line":134,"column":28},"end":{"line":134,"column":47}},"87":{"start":{"line":135,"column":34},"end":{"line":135,"column":56}},"88":{"start":{"line":137,"column":4},"end":{"line":143,"column":5}},"89":{"start":{"line":138,"column":8},"end":{"line":138,"column":73}},"90":{"start":{"line":139,"column":11},"end":{"line":143,"column":5}},"91":{"start":{"line":140,"column":8},"end":{"line":140,"column":67}},"92":{"start":{"line":142,"column":8},"end":{"line":142,"column":89}},"93":{"start":{"line":146,"column":0},"end":{"line":150,"column":2}}},"fnMap":{"0":{"name":"bytesNBitsGame","decl":{"start":{"line":3,"column":9},"end":{"line":3,"column":23}},"loc":{"start":{"line":3,"column":52},"end":{"line":67,"column":1}},"line":3},"1":{"name":"letsPlay","decl":{"start":{"line":70,"column":15},"end":{"line":70,"column":23}},"loc":{"start":{"line":70,"column":40},"end":{"line":127,"column":1}},"line":70},"2":{"name":"calcPercent","decl":{"start":{"line":130,"column":9},"end":{"line":130,"column":20}},"loc":{"start":{"line":130,"column":45},"end":{"line":144,"column":1}},"line":130}},"branchMap":{"0":{"loc":{"start":{"line":11,"column":4},"end":{"line":66,"column":5}},"type":"if","locations":[{"start":{"line":11,"column":4},"end":{"line":66,"column":5}},{"start":{"line":17,"column":11},"end":{"line":66,"column":5}}],"line":11},"1":{"loc":{"start":{"line":17,"column":11},"end":{"line":66,"column":5}},"type":"if","locations":[{"start":{"line":17,"column":11},"end":{"line":66,"column":5}},{"start":{"line":23,"column":11},"end":{"line":66,"column":5}}],"line":17},"2":{"loc":{"start":{"line":23,"column":11},"end":{"line":66,"column":5}},"type":"if","locations":[{"start":{"line":23,"column":11},"end":{"line":66,"column":5}},{"start":{"line":34,"column":11},"end":{"line":66,"column":5}}],"line":23},"3":{"loc":{"start":{"line":24,"column":8},"end":{"line":32,"column":9}},"type":"if","locations":[{"start":{"line":24,"column":8},"end":{"line":32,"column":9}},{"start":{"line":28,"column":15},"end":{"line":32,"column":9}}],"line":24},"4":{"loc":{"start":{"line":34,"column":11},"end":{"line":66,"column":5}},"type":"if","locations":[{"start":{"line":34,"column":11},"end":{"line":66,"column":5}},{"start":{"line":45,"column":11},"end":{"line":66,"column":5}}],"line":34},"5":{"loc":{"start":{"line":35,"column":8},"end":{"line":43,"column":9}},"type":"if","locations":[{"start":{"line":35,"column":8},"end":{"line":43,"column":9}},{"start":{"line":39,"column":15},"end":{"line":43,"column":9}}],"line":35},"6":{"loc":{"start":{"line":45,"column":11},"end":{"line":66,"column":5}},"type":"if","locations":[{"start":{"line":45,"column":11},"end":{"line":66,"column":5}},{"start":{"line":56,"column":11},"end":{"line":66,"column":5}}],"line":45},"7":{"loc":{"start":{"line":46,"column":8},"end":{"line":54,"column":9}},"type":"if","locations":[{"start":{"line":46,"column":8},"end":{"line":54,"column":9}},{"start":{"line":50,"column":15},"end":{"line":54,"column":9}}],"line":46},"8":{"loc":{"start":{"line":57,"column":8},"end":{"line":65,"column":9}},"type":"if","locations":[{"start":{"line":57,"column":8},"end":{"line":65,"column":9}},{"start":{"line":61,"column":15},"end":{"line":65,"column":9}}],"line":57},"9":{"loc":{"start":{"line":103,"column":8},"end":{"line":110,"column":9}},"type":"if","locations":[{"start":{"line":103,"column":8},"end":{"line":110,"column":9}},{"start":{},"end":{}}],"line":103},"10":{"loc":{"start":{"line":103,"column":12},"end":{"line":103,"column":78}},"type":"binary-expr","locations":[{"start":{"line":103,"column":12},"end":{"line":103,"column":43}},{"start":{"line":103,"column":47},"end":{"line":103,"column":78}}],"line":103},"11":{"loc":{"start":{"line":137,"column":4},"end":{"line":143,"column":5}},"type":"if","locations":[{"start":{"line":137,"column":4},"end":{"line":143,"column":5}},{"start":{"line":139,"column":11},"end":{"line":143,"column":5}}],"line":137},"12":{"loc":{"start":{"line":139,"column":11},"end":{"line":143,"column":5}},"type":"if","locations":[{"start":{"line":139,"column":11},"end":{"line":143,"column":5}},{"start":{"line":141,"column":11},"end":{"line":143,"column":5}}],"line":139}},"s":{"0":1,"1":14,"2":14,"3":14,"4":2,"5":2,"6":2,"7":2,"8":12,"9":2,"10":2,"11":2,"12":2,"13":10,"14":2,"15":1,"16":1,"17":1,"18":1,"19":1,"20":1,"21":8,"22":3,"23":1,"24":1,"25":1,"26":2,"27":2,"28":2,"29":5,"30":2,"31":1,"32":1,"33":1,"34":1,"35":1,"36":1,"37":3,"38":1,"39":1,"40":1,"41":2,"42":2,"43":2,"44":2,"45":2,"46":2,"47":2,"48":2,"49":2,"50":2,"51":2,"52":2,"53":2,"54":2,"55":2,"56":2,"57":2,"58":2,"59":2,"60":2,"61":2,"62":2,"63":2,"64":2,"65":2,"66":2,"67":2,"68":2,"69":0,"70":0,"71":0,"72":0,"73":0,"74":2,"75":2,"76":2,"77":2,"78":2,"79":2,"80":2,"81":2,"82":2,"83":2,"84":2,"85":4,"86":4,"87":4,"88":4,"89":1,"90":3,"91":1,"92":2,"93":1},"f":{"0":14,"1":2,"2":4},"b":{"0":[2,12],"1":[2,10],"2":[2,8],"3":[1,1],"4":[3,5],"5":[1,2],"6":[2,3],"7":[1,1],"8":[1,2],"9":[0,2],"10":[2,1],"11":[1,3],"12":[1,2]},"_coverageSchema":"1a1c01bbd47fc00a2c39e90264f33305004495a9","hash":"a16d4fc0717398922737aa0fab63e0812fb80d72"}
,"C:\\Users\\alexa\\Desktop\\codeAndcollection\\bytesNbitsGame\\randomLibrary.js": {"path":"C:\\Users\\alexa\\Desktop\\codeAndcollection\\bytesNbitsGame\\randomLibrary.js","statementMap":{"0":{"start":{"line":1,"column":16},"end":{"line":1,"column":34}},"1":{"start":{"line":4,"column":4},"end":{"line":4,"column":62}},"2":{"start":{"line":8,"column":20},"end":{"line":8,"column":57}},"3":{"start":{"line":9,"column":28},"end":{"line":9,"column":79}},"4":{"start":{"line":10,"column":4},"end":{"line":10,"column":27}},"5":{"start":{"line":14,"column":20},"end":{"line":14,"column":30}},"6":{"start":{"line":15,"column":22},"end":{"line":15,"column":73}},"7":{"start":{"line":16,"column":4},"end":{"line":16,"column":21}},"8":{"start":{"line":20,"column":24},"end":{"line":20,"column":65}},"9":{"start":{"line":21,"column":28},"end":{"line":21,"column":87}},"10":{"start":{"line":22,"column":4},"end":{"line":22,"column":27}},"11":{"start":{"line":26,"column":27},"end":{"line":26,"column":84}},"12":{"start":{"line":27,"column":34},"end":{"line":27,"column":99}},"13":{"start":{"line":28,"column":4},"end":{"line":28,"column":33}},"14":{"start":{"line":32,"column":4},"end":{"line":32,"column":22}},"15":{"start":{"line":36,"column":21},"end":{"line":38,"column":6}},"16":{"start":{"line":39,"column":4},"end":{"line":39,"column":26}},"17":{"start":{"line":42,"column":0},"end":{"line":50,"column":2}}},"fnMap":{"0":{"name":"generateRandomInt","decl":{"start":{"line":3,"column":9},"end":{"line":3,"column":26}},"loc":{"start":{"line":3,"column":29},"end":{"line":5,"column":1}},"line":3},"1":{"name":"generateRandomUnit","decl":{"start":{"line":7,"column":9},"end":{"line":7,"column":27}},"loc":{"start":{"line":7,"column":30},"end":{"line":11,"column":1}},"line":7},"2":{"name":"sizeGenerator","decl":{"start":{"line":13,"column":9},"end":{"line":13,"column":22}},"loc":{"start":{"line":13,"column":25},"end":{"line":17,"column":1}},"line":13},"3":{"name":"positiveGenerator","decl":{"start":{"line":19,"column":9},"end":{"line":19,"column":26}},"loc":{"start":{"line":19,"column":29},"end":{"line":23,"column":1}},"line":19},"4":{"name":"improvementGenerator","decl":{"start":{"line":25,"column":9},"end":{"line":25,"column":29}},"loc":{"start":{"line":25,"column":32},"end":{"line":29,"column":1}},"line":25},"5":{"name":"startTimer","decl":{"start":{"line":31,"column":9},"end":{"line":31,"column":19}},"loc":{"start":{"line":31,"column":22},"end":{"line":33,"column":1}},"line":31},"6":{"name":"getUserInput","decl":{"start":{"line":35,"column":15},"end":{"line":35,"column":27}},"loc":{"start":{"line":35,"column":30},"end":{"line":40,"column":1}},"line":35}},"branchMap":{},"s":{"0":1,"1":4,"2":6,"3":6,"4":6,"5":2,"6":2,"7":2,"8":3,"9":3,"10":3,"11":3,"12":3,"13":3,"14":1,"15":0,"16":0,"17":1},"f":{"0":4,"1":6,"2":2,"3":3,"4":3,"5":1,"6":0},"b":{},"_coverageSchema":"1a1c01bbd47fc00a2c39e90264f33305004495a9","hash":"ac897f52ed5a52de2b36d18e17b51349a0a8e5e0"}
}
