TN:
SF:bytesNbits.js
FN:3,bytesNBitsGame
FN:70,letsPlay
FN:127,calcPercent
FNF:3
FNH:3
FNDA:17,bytesNBitsGame
FNDA:3,letsPlay
FNDA:7,calcPercent
DA:1,1
DA:6,17
DA:9,17
DA:11,17
DA:12,2
DA:13,2
DA:14,2
DA:15,2
DA:17,15
DA:18,2
DA:19,2
DA:20,2
DA:21,2
DA:23,13
DA:24,2
DA:25,1
DA:26,1
DA:27,1
DA:29,1
DA:30,1
DA:31,1
DA:34,11
DA:35,3
DA:36,1
DA:37,1
DA:38,1
DA:40,2
DA:41,2
DA:42,2
DA:45,8
DA:46,2
DA:47,1
DA:48,1
DA:49,1
DA:51,1
DA:52,1
DA:53,1
DA:57,6
DA:58,1
DA:59,1
DA:60,1
DA:62,5
DA:63,5
DA:64,5
DA:72,3
DA:73,3
DA:74,3
DA:75,3
DA:76,3
DA:79,3
DA:82,3
DA:84,3
DA:86,5
DA:87,5
DA:88,5
DA:89,5
DA:90,5
DA:91,5
DA:92,5
DA:93,5
DA:94,5
DA:95,5
DA:96,5
DA:97,5
DA:99,5
DA:100,5
DA:101,5
DA:103,5
DA:104,0
DA:108,3
DA:109,3
DA:110,3
DA:111,3
DA:114,3
DA:116,3
DA:117,3
DA:118,3
DA:119,3
DA:120,3
DA:121,3
DA:122,3
DA:123,3
DA:129,7
DA:131,7
DA:132,7
DA:134,7
DA:135,1
DA:136,6
DA:137,1
DA:139,5
DA:143,1
DA:149,1
LF:92
LH:91
BRDA:11,0,0,2
BRDA:11,0,1,15
BRDA:17,1,0,2
BRDA:17,1,1,13
BRDA:23,2,0,2
BRDA:23,2,1,11
BRDA:24,3,0,1
BRDA:24,3,1,1
BRDA:34,4,0,3
BRDA:34,4,1,8
BRDA:35,5,0,1
BRDA:35,5,1,2
BRDA:45,6,0,2
BRDA:45,6,1,6
BRDA:46,7,0,1
BRDA:46,7,1,1
BRDA:57,8,0,1
BRDA:57,8,1,5
BRDA:103,9,0,0
BRDA:103,9,1,5
BRDA:103,10,0,5
BRDA:103,10,1,1
BRDA:134,11,0,1
BRDA:134,11,1,6
BRDA:136,12,0,1
BRDA:136,12,1,5
BRF:26
BRH:25
end_of_record
TN:
SF:randomLibrary.js
FN:3,generateRandomInt
FN:7,generateRandomUnit
FN:13,sizeGenerator
FN:19,positiveGenerator
FN:25,improvementGenerator
FN:31,startTimer
FN:35,getUserInput
FNF:7
FNH:7
FNDA:4,generateRandomInt
FNDA:6,generateRandomUnit
FNDA:2,sizeGenerator
FNDA:3,positiveGenerator
FNDA:3,improvementGenerator
FNDA:1,startTimer
FNDA:1,getUserInput
DA:1,1
DA:4,4
DA:8,6
DA:9,6
DA:10,6
DA:14,2
DA:15,2
DA:16,2
DA:20,3
DA:21,3
DA:22,3
DA:26,3
DA:27,3
DA:28,3
DA:32,1
DA:36,1
DA:39,1
DA:42,1
LF:18
LH:18
BRF:0
BRH:0
end_of_record
