TN:
SF:bytesNbits.js
FN:6,bytesNBitsGame
FN:76,theGame
FN:83,letsPlay
FN:139,calcPercent
FNF:4
FNH:2
FNDA:10,bytesNBitsGame
FNDA:0,theGame
FNDA:0,letsPlay
FNDA:4,calcPercent
DA:2,1
DA:4,1
DA:9,10
DA:12,10
DA:14,10
DA:15,1
DA:16,1
DA:17,1
DA:18,1
DA:20,9
DA:21,1
DA:22,1
DA:23,1
DA:24,1
DA:26,8
DA:28,2
DA:29,1
DA:30,1
DA:31,1
DA:33,1
DA:34,1
DA:35,1
DA:38,6
DA:40,2
DA:41,1
DA:42,1
DA:43,1
DA:45,1
DA:46,1
DA:47,1
DA:50,4
DA:52,2
DA:53,1
DA:54,1
DA:55,1
DA:57,1
DA:58,1
DA:59,1
DA:64,2
DA:65,1
DA:66,1
DA:67,1
DA:69,1
DA:70,1
DA:71,1
DA:77,0
DA:80,0
DA:85,0
DA:86,0
DA:87,0
DA:88,0
DA:89,0
DA:92,0
DA:95,0
DA:97,0
DA:99,0
DA:100,0
DA:101,0
DA:102,0
DA:103,0
DA:104,0
DA:105,0
DA:106,0
DA:107,0
DA:108,0
DA:109,0
DA:111,0
DA:112,0
DA:114,0
DA:115,0
DA:118,0
DA:119,0
DA:120,0
DA:121,0
DA:124,0
DA:125,0
DA:128,0
DA:130,0
DA:131,0
DA:132,0
DA:133,0
DA:134,0
DA:141,4
DA:143,4
DA:144,4
DA:146,4
DA:147,1
DA:148,3
DA:149,1
DA:151,2
DA:165,1
LF:91
LH:54
BRDA:14,0,0,1
BRDA:14,0,1,9
BRDA:20,1,0,1
BRDA:20,1,1,8
BRDA:26,2,0,2
BRDA:26,2,1,6
BRDA:28,3,0,1
BRDA:28,3,1,1
BRDA:38,4,0,2
BRDA:38,4,1,4
BRDA:40,5,0,1
BRDA:40,5,1,1
BRDA:50,6,0,2
BRDA:50,6,1,2
BRDA:52,7,0,1
BRDA:52,7,1,1
BRDA:64,8,0,1
BRDA:64,8,1,1
BRDA:114,9,0,0
BRDA:114,9,1,0
BRDA:146,10,0,1
BRDA:146,10,1,3
BRDA:148,11,0,1
BRDA:148,11,1,2
BRF:24
BRH:22
end_of_record
